Flow report for MC10
Wed Dec 15 20:08:33 2021
Quartus Prime Version 18.1.0 Build 625 09/12/2018 SJ Lite Edition


---------------------
; Table of Contents ;
---------------------
  1. Legal Notice
  2. Flow Summary
  3. Flow Settings
  4. Flow Non-Default Global Settings
  5. Flow Elapsed Time
  6. Flow OS Summary
  7. Flow Log
  8. Flow Messages
  9. Flow Suppressed Messages



----------------
; Legal Notice ;
----------------
Copyright (C) 2018  Intel Corporation. All rights reserved.
Your use of Intel Corporation's design tools, logic functions 
and other software and tools, and its AMPP partner logic 
functions, and any output files from any of the foregoing 
(including device programming or simulation files), and any 
associated documentation or information are expressly subject 
to the terms and conditions of the Intel Program License 
Subscription Agreement, the Intel Quartus Prime License Agreement,
the Intel FPGA IP License Agreement, or other applicable license
agreement, including, without limitation, that your use is for
the sole purpose of programming logic devices manufactured by
Intel and sold by Intel or its authorized distributors.  Please
refer to the applicable agreement for further details.



+----------------------------------------------------------------------------------+
; Flow Summary                                                                     ;
+------------------------------------+---------------------------------------------+
; Flow Status                        ; Successful - Wed Dec 15 20:08:33 2021       ;
; Quartus Prime Version              ; 18.1.0 Build 625 09/12/2018 SJ Lite Edition ;
; Revision Name                      ; MC10                                        ;
; Top-level Entity Name              ; MC10                                        ;
; Family                             ; Cyclone IV E                                ;
; Device                             ; EP4CE6E22C8                                 ;
; Timing Models                      ; Final                                       ;
; Total logic elements               ; 2,082 / 6,272 ( 33 % )                      ;
;     Total combinational functions  ; 2,008 / 6,272 ( 32 % )                      ;
;     Dedicated logic registers      ; 619 / 6,272 ( 10 % )                        ;
; Total registers                    ; 619                                         ;
; Total pins                         ; 55 / 92 ( 60 % )                            ;
; Total virtual pins                 ; 0                                           ;
; Total memory bits                  ; 74,752 / 276,480 ( 27 % )                   ;
; Embedded Multiplier 9-bit elements ; 0 / 30 ( 0 % )                              ;
; Total PLLs                         ; 1 / 2 ( 50 % )                              ;
+------------------------------------+---------------------------------------------+


+-----------------------------------------+
; Flow Settings                           ;
+-------------------+---------------------+
; Option            ; Setting             ;
+-------------------+---------------------+
; Start date & time ; 12/15/2021 20:07:01 ;
; Main task         ; Compilation         ;
; Revision Name     ; MC10                ;
+-------------------+---------------------+


+-----------------------------------------------------------------------------------------------------------------------------+
; Flow Non-Default Global Settings                                                                                            ;
+-------------------------------------+----------------------------------------+---------------+-------------+----------------+
; Assignment Name                     ; Value                                  ; Default Value ; Entity Name ; Section Id     ;
+-------------------------------------+----------------------------------------+---------------+-------------+----------------+
; COMPILER_SIGNATURE_ID               ; 113780617491.163962042105412           ; --            ; --          ; --             ;
; EDA_OUTPUT_DATA_FORMAT              ; Systemverilog Hdl                      ; --            ; --          ; eda_simulation ;
; EDA_SIMULATION_TOOL                 ; ModelSim-Altera (SystemVerilog)        ; <None>        ; --          ; --             ;
; EDA_TIME_SCALE                      ; 1 ps                                   ; --            ; --          ; eda_simulation ;
; MAX_CORE_JUNCTION_TEMP              ; 85                                     ; --            ; --          ; --             ;
; MIN_CORE_JUNCTION_TEMP              ; 0                                      ; --            ; --          ; --             ;
; MISC_FILE                           ; test_rom_bb.v                          ; --            ; --          ; --             ;
; MISC_FILE                           ; test_ram_bb.v                          ; --            ; --          ; --             ;
; MISC_FILE                           ; ROM_bb.v                               ; --            ; --          ; --             ;
; MISC_FILE                           ; PLL0_bb.v                              ; --            ; --          ; --             ;
; MISC_FILE                           ; PLL0.ppf                               ; --            ; --          ; --             ;
; MISC_FILE                           ; CHR_ROM_bb.v                           ; --            ; --          ; --             ;
; NOMINAL_CORE_SUPPLY_VOLTAGE         ; 1.2V                                   ; --            ; --          ; --             ;
; OUTPUT_IO_TIMING_FAR_END_VMEAS      ; Half Signal Swing                      ; --            ; --          ; --             ;
; OUTPUT_IO_TIMING_FAR_END_VMEAS      ; Half Signal Swing                      ; --            ; --          ; --             ;
; OUTPUT_IO_TIMING_NEAR_END_VMEAS     ; Half Vccio                             ; --            ; --          ; --             ;
; OUTPUT_IO_TIMING_NEAR_END_VMEAS     ; Half Vccio                             ; --            ; --          ; --             ;
; PARTITION_COLOR                     ; -- (Not supported for targeted family) ; --            ; --          ; Top            ;
; PARTITION_FITTER_PRESERVATION_LEVEL ; -- (Not supported for targeted family) ; --            ; --          ; Top            ;
; PARTITION_NETLIST_TYPE              ; -- (Not supported for targeted family) ; --            ; --          ; Top            ;
; POWER_BOARD_THERMAL_MODEL           ; None (CONSERVATIVE)                    ; --            ; --          ; --             ;
; POWER_PRESET_COOLING_SOLUTION       ; 23 MM HEAT SINK WITH 200 LFPM AIRFLOW  ; --            ; --          ; --             ;
; PROJECT_OUTPUT_DIRECTORY            ; output_files                           ; --            ; --          ; --             ;
+-------------------------------------+----------------------------------------+---------------+-------------+----------------+


+--------------------------------------------------------------------------------------------------------------------------+
; Flow Elapsed Time                                                                                                        ;
+----------------------+--------------+-------------------------+---------------------+------------------------------------+
; Module Name          ; Elapsed Time ; Average Processors Used ; Peak Virtual Memory ; Total CPU Time (on all processors) ;
+----------------------+--------------+-------------------------+---------------------+------------------------------------+
; Analysis & Synthesis ; 00:00:55     ; 1.0                     ; 685 MB              ; 00:01:21                           ;
; Fitter               ; 00:00:17     ; 1.2                     ; 1616 MB             ; 00:00:26                           ;
; Assembler            ; 00:00:02     ; 1.0                     ; 542 MB              ; 00:00:02                           ;
; Timing Analyzer      ; 00:00:06     ; 1.4                     ; 689 MB              ; 00:00:07                           ;
; EDA Netlist Writer   ; 00:00:06     ; 1.0                     ; 539 MB              ; 00:00:05                           ;
; Total                ; 00:01:26     ; --                      ; --                  ; 00:02:01                           ;
+----------------------+--------------+-------------------------+---------------------+------------------------------------+


+-------------------------------------------------------------------------------------+
; Flow OS Summary                                                                     ;
+----------------------+------------------+-------------+------------+----------------+
; Module Name          ; Machine Hostname ; OS Name     ; OS Version ; Processor type ;
+----------------------+------------------+-------------+------------+----------------+
; Analysis & Synthesis ; WIN-H8JH7HJFPGD  ; Windows 8.1 ; 6.3        ; x86_64         ;
; Fitter               ; WIN-H8JH7HJFPGD  ; Windows 8.1 ; 6.3        ; x86_64         ;
; Assembler            ; WIN-H8JH7HJFPGD  ; Windows 8.1 ; 6.3        ; x86_64         ;
; Timing Analyzer      ; WIN-H8JH7HJFPGD  ; Windows 8.1 ; 6.3        ; x86_64         ;
; EDA Netlist Writer   ; WIN-H8JH7HJFPGD  ; Windows 8.1 ; 6.3        ; x86_64         ;
+----------------------+------------------+-------------+------------+----------------+


------------
; Flow Log ;
------------
quartus_map --read_settings_files=on --write_settings_files=off MC10_DragonBoard_V12 -c MC10
quartus_fit --read_settings_files=off --write_settings_files=off MC10_DragonBoard_V12 -c MC10
quartus_asm --read_settings_files=off --write_settings_files=off MC10_DragonBoard_V12 -c MC10
quartus_sta MC10_DragonBoard_V12 -c MC10
quartus_eda --read_settings_files=off --write_settings_files=off MC10_DragonBoard_V12 -c MC10



