Flow report for MC10_DragonBoard
Sat Nov 28 23:59:41 2020
Quartus II Version 10.0 Build 218 06/27/2010 SJ Web Edition


---------------------
; Table of Contents ;
---------------------
  1. Legal Notice
  2. Flow Summary
  3. Flow Settings
  4. Flow Non-Default Global Settings
  5. Flow Elapsed Time
  6. Flow OS Summary
  7. Flow Log



----------------
; Legal Notice ;
----------------
Copyright (C) 1991-2010 Altera Corporation
Your use of Altera Corporation's design tools, logic functions 
and other software and tools, and its AMPP partner logic 
functions, and any output files from any of the foregoing 
(including device programming or simulation files), and any 
associated documentation or information are expressly subject 
to the terms and conditions of the Altera Program License 
Subscription Agreement, Altera MegaCore Function License 
Agreement, or other applicable license agreement, including, 
without limitation, that your use is for the sole purpose of 
programming logic devices manufactured by Altera and sold by 
Altera or its authorized distributors.  Please refer to the 
applicable agreement for further details.



+-------------------------------------------------------------------------------+
; Flow Summary                                                                  ;
+------------------------------------+------------------------------------------+
; Flow Status                        ; Successful - Sat Nov 28 23:59:41 2020    ;
; Quartus II Version                 ; 10.0 Build 218 06/27/2010 SJ Web Edition ;
; Revision Name                      ; MC10_DragonBoard                         ;
; Top-level Entity Name              ; MC10                                     ;
; Family                             ; Cyclone IV E                             ;
; Device                             ; EP4CE6E22C8                              ;
; Timing Models                      ; Final                                    ;
; Met timing requirements            ; N/A                                      ;
; Total logic elements               ; 1,962 / 6,272 ( 31 % )                   ;
;     Total combinational functions  ; 1,916 / 6,272 ( 31 % )                   ;
;     Dedicated logic registers      ; 559 / 6,272 ( 9 % )                      ;
; Total registers                    ; 559                                      ;
; Total pins                         ; 55 / 92 ( 60 % )                         ;
; Total virtual pins                 ; 0                                        ;
; Total memory bits                  ; 74,752 / 276,480 ( 27 % )                ;
; Embedded Multiplier 9-bit elements ; 0 / 30 ( 0 % )                           ;
; Total PLLs                         ; 1 / 2 ( 50 % )                           ;
+------------------------------------+------------------------------------------+


+-----------------------------------------+
; Flow Settings                           ;
+-------------------+---------------------+
; Option            ; Setting             ;
+-------------------+---------------------+
; Start date & time ; 11/28/2020 23:55:22 ;
; Main task         ; Compilation         ;
; Revision Name     ; MC10_DragonBoard    ;
+-------------------+---------------------+


+----------------------------------------------------------------------------------------------------------------------------------------------------------------------------+
; Flow Non-Default Global Settings                                                                                                                                           ;
+-------------------------------------+------------------------------------------------------------------------------------+------------------+-------------+----------------+
; Assignment Name                     ; Value                                                                              ; Default Value    ; Entity Name ; Section Id     ;
+-------------------------------------+------------------------------------------------------------------------------------+------------------+-------------+----------------+
; COMPILER_SIGNATURE_ID               ; 0.160662932101268                                                                  ; --               ; --          ; --             ;
; EDA_OUTPUT_DATA_FORMAT              ; Systemverilog Hdl                                                                  ; --               ; --          ; eda_simulation ;
; EDA_SIMULATION_TOOL                 ; ModelSim-Altera (SystemVerilog)                                                    ; <None>           ; --          ; --             ;
; IP_TOOL_NAME                        ; ROM: 1-PORT                                                                        ; --               ; --          ; --             ;
; IP_TOOL_NAME                        ; RAM: 1-PORT                                                                        ; --               ; --          ; --             ;
; IP_TOOL_NAME                        ; ROM: 1-PORT                                                                        ; --               ; --          ; --             ;
; IP_TOOL_NAME                        ; ALTPLL                                                                             ; --               ; --          ; --             ;
; IP_TOOL_NAME                        ; ROM: 1-PORT                                                                        ; --               ; --          ; --             ;
; IP_TOOL_VERSION                     ; 13.1                                                                               ; --               ; --          ; --             ;
; IP_TOOL_VERSION                     ; 13.1                                                                               ; --               ; --          ; --             ;
; IP_TOOL_VERSION                     ; 13.1                                                                               ; --               ; --          ; --             ;
; IP_TOOL_VERSION                     ; 10.0                                                                               ; --               ; --          ; --             ;
; IP_TOOL_VERSION                     ; 10.0                                                                               ; --               ; --          ; --             ;
; MAX_CORE_JUNCTION_TEMP              ; 85                                                                                 ; --               ; --          ; --             ;
; MIN_CORE_JUNCTION_TEMP              ; 0                                                                                  ; --               ; --          ; --             ;
; MISC_FILE                           ; C:/Users/Dragomir Mikhailov/Documents/MC10_DragonBoard/MC10_DragonBoard.dpf        ; --               ; --          ; --             ;
; MISC_FILE                           ; test_rom_bb.v                                                                      ; --               ; --          ; --             ;
; MISC_FILE                           ; test_ram_bb.v                                                                      ; --               ; --          ; --             ;
; MISC_FILE                           ; ROM_bb.v                                                                           ; --               ; --          ; --             ;
; MISC_FILE                           ; PLL0_bb.v                                                                          ; --               ; --          ; --             ;
; MISC_FILE                           ; PLL0.ppf                                                                           ; --               ; --          ; --             ;
; MISC_FILE                           ; CHR_ROM_bb.v                                                                       ; --               ; --          ; --             ;
; MISC_FILE                           ; C:/Documents and Settings/Admin/My Documents/MC10_DragonBoard/MC10_DragonBoard.dpf ; --               ; --          ; --             ;
; OUTPUT_IO_TIMING_ENDPOINT           ; Near End                                                                           ; --               ; --          ; --             ;
; PARTITION_COLOR                     ; 16764057                                                                           ; --               ; MC10        ; Top            ;
; PARTITION_FITTER_PRESERVATION_LEVEL ; PLACEMENT_AND_ROUTING                                                              ; --               ; MC10        ; Top            ;
; PARTITION_NETLIST_TYPE              ; SOURCE                                                                             ; --               ; MC10        ; Top            ;
; POWER_BOARD_THERMAL_MODEL           ; None (CONSERVATIVE)                                                                ; --               ; --          ; --             ;
; POWER_PRESET_COOLING_SOLUTION       ; 23 MM HEAT SINK WITH 200 LFPM AIRFLOW                                              ; --               ; --          ; --             ;
; TOP_LEVEL_ENTITY                    ; MC10                                                                               ; MC10_DragonBoard ; --          ; --             ;
+-------------------------------------+------------------------------------------------------------------------------------+------------------+-------------+----------------+


+-------------------------------------------------------------------------------------------------------------------------------+
; Flow Elapsed Time                                                                                                             ;
+---------------------------+--------------+-------------------------+---------------------+------------------------------------+
; Module Name               ; Elapsed Time ; Average Processors Used ; Peak Virtual Memory ; Total CPU Time (on all processors) ;
+---------------------------+--------------+-------------------------+---------------------+------------------------------------+
; Analysis & Synthesis      ; 00:01:48     ; 1.0                     ; 224 MB              ; 00:01:45                           ;
; Fitter                    ; 00:01:23     ; 1.0                     ; 280 MB              ; 00:01:19                           ;
; Assembler                 ; 00:00:11     ; 1.0                     ; 204 MB              ; 00:00:05                           ;
; TimeQuest Timing Analyzer ; 00:00:36     ; 1.0                     ; 247 MB              ; 00:00:27                           ;
; EDA Netlist Writer        ; 00:00:19     ; 1.0                     ; 195 MB              ; 00:00:18                           ;
; Total                     ; 00:04:17     ; --                      ; --                  ; 00:03:54                           ;
+---------------------------+--------------+-------------------------+---------------------+------------------------------------+


+-----------------------------------------------------------------------------------------+
; Flow OS Summary                                                                         ;
+---------------------------+------------------+------------+------------+----------------+
; Module Name               ; Machine Hostname ; OS Name    ; OS Version ; Processor type ;
+---------------------------+------------------+------------+------------+----------------+
; Analysis & Synthesis      ; unknown-0ac2369  ; Windows XP ; 5.1        ; i1586          ;
; Fitter                    ; unknown-0ac2369  ; Windows XP ; 5.1        ; i1586          ;
; Assembler                 ; unknown-0ac2369  ; Windows XP ; 5.1        ; i1586          ;
; TimeQuest Timing Analyzer ; unknown-0ac2369  ; Windows XP ; 5.1        ; i1586          ;
; EDA Netlist Writer        ; unknown-0ac2369  ; Windows XP ; 5.1        ; i1586          ;
+---------------------------+------------------+------------+------------+----------------+


------------
; Flow Log ;
------------
quartus_map --read_settings_files=on --write_settings_files=off MC10_DragonBoard -c MC10_DragonBoard
quartus_fit --read_settings_files=off --write_settings_files=off MC10_DragonBoard -c MC10_DragonBoard
quartus_asm --read_settings_files=off --write_settings_files=off MC10_DragonBoard -c MC10_DragonBoard
quartus_sta MC10_DragonBoard -c MC10_DragonBoard
quartus_eda --read_settings_files=off --write_settings_files=off MC10_DragonBoard -c MC10_DragonBoard



